2019-05-07 00:42:37.299  INFO 14216 --- [Thread-4] o.s.s.concurrent.ThreadPoolTaskExecutor  : Shutting down ExecutorService 'applicationTaskExecutor'
2019-05-07 14:55:17.902  INFO 9852 --- [main] c.c.d.DrugtransactionApiApplication      : Starting DrugtransactionApiApplication on ALASETTSR01-WXL with PID 9852 (C:\proj\drugtransactionApi\target\classes started by SettSr01 in C:\proj\drugtransactionApi)
2019-05-07 14:55:17.904  INFO 9852 --- [main] c.c.d.DrugtransactionApiApplication      : No active profile set, falling back to default profiles: default
2019-05-07 14:55:19.722  INFO 9852 --- [main] o.s.b.w.embedded.tomcat.TomcatWebServer  : Tomcat initialized with port(s): 8080 (http)
2019-05-07 14:55:19.764  INFO 9852 --- [main] o.apache.catalina.core.StandardService   : Starting service [Tomcat]
2019-05-07 14:55:19.765  INFO 9852 --- [main] org.apache.catalina.core.StandardEngine  : Starting Servlet engine: [Apache Tomcat/9.0.17]
2019-05-07 14:55:20.027  INFO 9852 --- [main] o.a.c.c.C.[Tomcat].[localhost].[/]       : Initializing Spring embedded WebApplicationContext
2019-05-07 14:55:20.027  INFO 9852 --- [main] o.s.web.context.ContextLoader            : Root WebApplicationContext: initialization completed in 2079 ms
2019-05-07 14:55:20.151  INFO 9852 --- [main] c.c.d.service.DrugTransactionService     : initilizing data store
2019-05-07 14:55:20.789  INFO 9852 --- [main] pertySourcedRequestMappingHandlerMapping : Mapped URL path [/v2/api-docs] onto method [public org.springframework.http.ResponseEntity<springfox.documentation.spring.web.json.Json> springfox.documentation.swagger2.web.Swagger2Controller.getDocumentation(java.lang.String,javax.servlet.http.HttpServletRequest)]
2019-05-07 14:55:21.024  INFO 9852 --- [main] o.s.s.concurrent.ThreadPoolTaskExecutor  : Initializing ExecutorService 'applicationTaskExecutor'
2019-05-07 14:55:21.267  INFO 9852 --- [main] d.s.w.p.DocumentationPluginsBootstrapper : Context refreshed
2019-05-07 14:55:21.345  INFO 9852 --- [main] d.s.w.p.DocumentationPluginsBootstrapper : Found 1 custom documentation plugin(s)
2019-05-07 14:55:21.438  INFO 9852 --- [main] s.d.s.w.s.ApiListingReferenceScanner     : Scanning for api listing references
2019-05-07 14:55:21.588  INFO 9852 --- [main] o.s.b.w.embedded.tomcat.TomcatWebServer  : Tomcat started on port(s): 8080 (http) with context path ''
2019-05-07 14:55:21.593  INFO 9852 --- [main] c.c.d.DrugtransactionApiApplication      : Started DrugtransactionApiApplication in 4.415 seconds (JVM running for 10.775)
2019-05-07 14:56:41.283  INFO 9852 --- [http-nio-8080-exec-1] o.a.c.c.C.[Tomcat].[localhost].[/]       : Initializing Spring DispatcherServlet 'dispatcherServlet'
2019-05-07 14:56:41.285  INFO 9852 --- [http-nio-8080-exec-1] o.s.web.servlet.DispatcherServlet        : Initializing Servlet 'dispatcherServlet'
2019-05-07 14:56:41.296  INFO 9852 --- [http-nio-8080-exec-1] o.s.web.servlet.DispatcherServlet        : Completed initialization in 11 ms
2019-05-07 15:03:46.394  INFO 12076 --- [main] c.c.d.DrugtransactionApiApplication      : Starting DrugtransactionApiApplication on ALASETTSR01-WXL with PID 12076 (C:\proj\drugtransactionApi\target\classes started by SettSr01 in C:\proj\drugtransactionApi)
2019-05-07 15:03:46.396  INFO 12076 --- [main] c.c.d.DrugtransactionApiApplication      : No active profile set, falling back to default profiles: default
2019-05-07 15:03:48.376  INFO 12076 --- [main] o.s.b.w.embedded.tomcat.TomcatWebServer  : Tomcat initialized with port(s): 8080 (http)
2019-05-07 15:03:48.410  INFO 12076 --- [main] o.apache.catalina.core.StandardService   : Starting service [Tomcat]
2019-05-07 15:03:48.410  INFO 12076 --- [main] org.apache.catalina.core.StandardEngine  : Starting Servlet engine: [Apache Tomcat/9.0.17]
2019-05-07 15:03:48.533  INFO 12076 --- [main] o.a.c.c.C.[Tomcat].[localhost].[/]       : Initializing Spring embedded WebApplicationContext
2019-05-07 15:03:48.533  INFO 12076 --- [main] o.s.web.context.ContextLoader            : Root WebApplicationContext: initialization completed in 2094 ms
2019-05-07 15:03:48.625  INFO 12076 --- [main] c.c.d.service.DrugTransactionService     : initilizing data store
2019-05-07 15:03:48.965  INFO 12076 --- [main] pertySourcedRequestMappingHandlerMapping : Mapped URL path [/v2/api-docs] onto method [public org.springframework.http.ResponseEntity<springfox.documentation.spring.web.json.Json> springfox.documentation.swagger2.web.Swagger2Controller.getDocumentation(java.lang.String,javax.servlet.http.HttpServletRequest)]
2019-05-07 15:03:49.089  INFO 12076 --- [main] o.s.s.concurrent.ThreadPoolTaskExecutor  : Initializing ExecutorService 'applicationTaskExecutor'
2019-05-07 15:03:49.284  INFO 12076 --- [main] d.s.w.p.DocumentationPluginsBootstrapper : Context refreshed
2019-05-07 15:03:49.321  INFO 12076 --- [main] d.s.w.p.DocumentationPluginsBootstrapper : Found 1 custom documentation plugin(s)
2019-05-07 15:03:49.353  INFO 12076 --- [main] s.d.s.w.s.ApiListingReferenceScanner     : Scanning for api listing references
2019-05-07 15:03:49.633  INFO 12076 --- [main] o.s.b.w.embedded.tomcat.TomcatWebServer  : Tomcat started on port(s): 8080 (http) with context path ''
2019-05-07 15:03:49.637  INFO 12076 --- [main] c.c.d.DrugtransactionApiApplication      : Started DrugtransactionApiApplication in 3.7 seconds (JVM running for 7.754)
2019-05-07 15:04:14.167  INFO 12076 --- [http-nio-8080-exec-1] o.a.c.c.C.[Tomcat].[localhost].[/]       : Initializing Spring DispatcherServlet 'dispatcherServlet'
2019-05-07 15:04:14.169  INFO 12076 --- [http-nio-8080-exec-1] o.s.web.servlet.DispatcherServlet        : Initializing Servlet 'dispatcherServlet'
2019-05-07 15:04:14.178  INFO 12076 --- [http-nio-8080-exec-1] o.s.web.servlet.DispatcherServlet        : Completed initialization in 9 ms
2019-05-07 15:07:22.892  INFO 10324 --- [main] c.c.d.DrugtransactionApiApplication      : Starting DrugtransactionApiApplication on ALASETTSR01-WXL with PID 10324 (C:\proj\drugtransactionApi\target\classes started by SettSr01 in C:\proj\drugtransactionApi)
2019-05-07 15:07:22.894  INFO 10324 --- [main] c.c.d.DrugtransactionApiApplication      : No active profile set, falling back to default profiles: default
2019-05-07 15:07:24.758  INFO 10324 --- [main] o.s.b.w.embedded.tomcat.TomcatWebServer  : Tomcat initialized with port(s): 8080 (http)
2019-05-07 15:07:24.791  INFO 10324 --- [main] o.apache.catalina.core.StandardService   : Starting service [Tomcat]
2019-05-07 15:07:24.791  INFO 10324 --- [main] org.apache.catalina.core.StandardEngine  : Starting Servlet engine: [Apache Tomcat/9.0.17]
2019-05-07 15:07:24.910  INFO 10324 --- [main] o.a.c.c.C.[Tomcat].[localhost].[/]       : Initializing Spring embedded WebApplicationContext
2019-05-07 15:07:24.910  INFO 10324 --- [main] o.s.web.context.ContextLoader            : Root WebApplicationContext: initialization completed in 1971 ms
2019-05-07 15:07:24.994  INFO 10324 --- [main] c.c.d.service.DrugTransactionService     : initilizing data store
2019-05-07 15:07:25.340  INFO 10324 --- [main] pertySourcedRequestMappingHandlerMapping : Mapped URL path [/v2/api-docs] onto method [public org.springframework.http.ResponseEntity<springfox.documentation.spring.web.json.Json> springfox.documentation.swagger2.web.Swagger2Controller.getDocumentation(java.lang.String,javax.servlet.http.HttpServletRequest)]
2019-05-07 15:07:25.463  INFO 10324 --- [main] o.s.s.concurrent.ThreadPoolTaskExecutor  : Initializing ExecutorService 'applicationTaskExecutor'
2019-05-07 15:07:25.653  INFO 10324 --- [main] d.s.w.p.DocumentationPluginsBootstrapper : Context refreshed
2019-05-07 15:07:25.684  INFO 10324 --- [main] d.s.w.p.DocumentationPluginsBootstrapper : Found 1 custom documentation plugin(s)
2019-05-07 15:07:25.716  INFO 10324 --- [main] s.d.s.w.s.ApiListingReferenceScanner     : Scanning for api listing references
2019-05-07 15:07:26.004  INFO 10324 --- [main] o.s.b.w.embedded.tomcat.TomcatWebServer  : Tomcat started on port(s): 8080 (http) with context path ''
2019-05-07 15:07:26.008  INFO 10324 --- [main] c.c.d.DrugtransactionApiApplication      : Started DrugtransactionApiApplication in 3.518 seconds (JVM running for 7.235)
2019-05-07 15:07:59.773  INFO 10324 --- [http-nio-8080-exec-1] o.a.c.c.C.[Tomcat].[localhost].[/]       : Initializing Spring DispatcherServlet 'dispatcherServlet'
2019-05-07 15:07:59.774  INFO 10324 --- [http-nio-8080-exec-1] o.s.web.servlet.DispatcherServlet        : Initializing Servlet 'dispatcherServlet'
2019-05-07 15:07:59.783  INFO 10324 --- [http-nio-8080-exec-1] o.s.web.servlet.DispatcherServlet        : Completed initialization in 9 ms
2019-05-07 15:12:51.751  INFO 5992 --- [main] c.c.d.DrugtransactionApiApplication      : Starting DrugtransactionApiApplication on ALASETTSR01-WXL with PID 5992 (C:\proj\drugtransactionApi\target\classes started by SettSr01 in C:\proj\drugtransactionApi)
2019-05-07 15:12:51.752  INFO 5992 --- [main] c.c.d.DrugtransactionApiApplication      : No active profile set, falling back to default profiles: default
2019-05-07 15:12:53.557  INFO 5992 --- [main] o.s.b.w.embedded.tomcat.TomcatWebServer  : Tomcat initialized with port(s): 8080 (http)
2019-05-07 15:12:53.592  INFO 5992 --- [main] o.apache.catalina.core.StandardService   : Starting service [Tomcat]
2019-05-07 15:12:53.592  INFO 5992 --- [main] org.apache.catalina.core.StandardEngine  : Starting Servlet engine: [Apache Tomcat/9.0.17]
2019-05-07 15:12:53.705  INFO 5992 --- [main] o.a.c.c.C.[Tomcat].[localhost].[/]       : Initializing Spring embedded WebApplicationContext
2019-05-07 15:12:53.705  INFO 5992 --- [main] o.s.web.context.ContextLoader            : Root WebApplicationContext: initialization completed in 1910 ms
2019-05-07 15:12:53.791  INFO 5992 --- [main] c.c.d.service.DrugTransactionService     : initilizing data store
2019-05-07 15:12:54.119  INFO 5992 --- [main] pertySourcedRequestMappingHandlerMapping : Mapped URL path [/v2/api-docs] onto method [public org.springframework.http.ResponseEntity<springfox.documentation.spring.web.json.Json> springfox.documentation.swagger2.web.Swagger2Controller.getDocumentation(java.lang.String,javax.servlet.http.HttpServletRequest)]
2019-05-07 15:12:54.251  INFO 5992 --- [main] o.s.s.concurrent.ThreadPoolTaskExecutor  : Initializing ExecutorService 'applicationTaskExecutor'
2019-05-07 15:12:54.447  INFO 5992 --- [main] d.s.w.p.DocumentationPluginsBootstrapper : Context refreshed
2019-05-07 15:12:54.477  INFO 5992 --- [main] d.s.w.p.DocumentationPluginsBootstrapper : Found 1 custom documentation plugin(s)
2019-05-07 15:12:54.510  INFO 5992 --- [main] s.d.s.w.s.ApiListingReferenceScanner     : Scanning for api listing references
2019-05-07 15:12:54.753  INFO 5992 --- [main] o.s.b.w.embedded.tomcat.TomcatWebServer  : Tomcat started on port(s): 8080 (http) with context path ''
2019-05-07 15:12:54.757  INFO 5992 --- [main] c.c.d.DrugtransactionApiApplication      : Started DrugtransactionApiApplication in 3.41 seconds (JVM running for 7.388)
2019-05-07 15:12:57.953  INFO 5992 --- [http-nio-8080-exec-1] o.a.c.c.C.[Tomcat].[localhost].[/]       : Initializing Spring DispatcherServlet 'dispatcherServlet'
2019-05-07 15:12:57.955  INFO 5992 --- [http-nio-8080-exec-1] o.s.web.servlet.DispatcherServlet        : Initializing Servlet 'dispatcherServlet'
2019-05-07 15:12:57.963  INFO 5992 --- [http-nio-8080-exec-1] o.s.web.servlet.DispatcherServlet        : Completed initialization in 8 ms
2019-05-07 15:22:43.925  INFO 6568 --- [main] c.c.d.DrugtransactionApiApplication      : Starting DrugtransactionApiApplication on ALASETTSR01-WXL with PID 6568 (C:\proj\drugtransactionApi\target\classes started by SettSr01 in C:\proj\drugtransactionApi)
2019-05-07 15:22:43.926  INFO 6568 --- [main] c.c.d.DrugtransactionApiApplication      : No active profile set, falling back to default profiles: default
2019-05-07 15:22:45.797  INFO 6568 --- [main] o.s.b.w.embedded.tomcat.TomcatWebServer  : Tomcat initialized with port(s): 8080 (http)
2019-05-07 15:22:45.829  INFO 6568 --- [main] o.apache.catalina.core.StandardService   : Starting service [Tomcat]
2019-05-07 15:22:45.830  INFO 6568 --- [main] org.apache.catalina.core.StandardEngine  : Starting Servlet engine: [Apache Tomcat/9.0.17]
2019-05-07 15:22:45.949  INFO 6568 --- [main] o.a.c.c.C.[Tomcat].[localhost].[/]       : Initializing Spring embedded WebApplicationContext
2019-05-07 15:22:45.950  INFO 6568 --- [main] o.s.web.context.ContextLoader            : Root WebApplicationContext: initialization completed in 1968 ms
2019-05-07 15:22:46.035  INFO 6568 --- [main] c.c.d.service.DrugTransactionService     : initilizing data store
2019-05-07 15:22:46.367  INFO 6568 --- [main] pertySourcedRequestMappingHandlerMapping : Mapped URL path [/v2/api-docs] onto method [public org.springframework.http.ResponseEntity<springfox.documentation.spring.web.json.Json> springfox.documentation.swagger2.web.Swagger2Controller.getDocumentation(java.lang.String,javax.servlet.http.HttpServletRequest)]
2019-05-07 15:22:46.506  INFO 6568 --- [main] o.s.s.concurrent.ThreadPoolTaskExecutor  : Initializing ExecutorService 'applicationTaskExecutor'
2019-05-07 15:22:46.706  INFO 6568 --- [main] d.s.w.p.DocumentationPluginsBootstrapper : Context refreshed
2019-05-07 15:22:46.735  INFO 6568 --- [main] d.s.w.p.DocumentationPluginsBootstrapper : Found 1 custom documentation plugin(s)
2019-05-07 15:22:46.772  INFO 6568 --- [main] s.d.s.w.s.ApiListingReferenceScanner     : Scanning for api listing references
2019-05-07 15:22:47.020  INFO 6568 --- [main] o.s.b.w.embedded.tomcat.TomcatWebServer  : Tomcat started on port(s): 8080 (http) with context path ''
2019-05-07 15:22:47.024  INFO 6568 --- [main] c.c.d.DrugtransactionApiApplication      : Started DrugtransactionApiApplication in 3.54 seconds (JVM running for 7.3)
2019-05-07 15:23:20.932  INFO 6568 --- [http-nio-8080-exec-1] o.a.c.c.C.[Tomcat].[localhost].[/]       : Initializing Spring DispatcherServlet 'dispatcherServlet'
2019-05-07 15:23:20.932  INFO 6568 --- [http-nio-8080-exec-1] o.s.web.servlet.DispatcherServlet        : Initializing Servlet 'dispatcherServlet'
2019-05-07 15:23:20.941  INFO 6568 --- [http-nio-8080-exec-1] o.s.web.servlet.DispatcherServlet        : Completed initialization in 9 ms
2019-05-07 15:31:27.529  INFO 148 --- [main] c.c.d.DrugtransactionApiApplication      : Starting DrugtransactionApiApplication on ALASETTSR01-WXL with PID 148 (C:\proj\drugtransactionApi\target\classes started by SettSr01 in C:\proj\drugtransactionApi)
2019-05-07 15:31:27.531  INFO 148 --- [main] c.c.d.DrugtransactionApiApplication      : No active profile set, falling back to default profiles: default
2019-05-07 15:31:29.218  INFO 148 --- [main] o.s.b.w.embedded.tomcat.TomcatWebServer  : Tomcat initialized with port(s): 8080 (http)
2019-05-07 15:31:29.247  INFO 148 --- [main] o.apache.catalina.core.StandardService   : Starting service [Tomcat]
2019-05-07 15:31:29.248  INFO 148 --- [main] org.apache.catalina.core.StandardEngine  : Starting Servlet engine: [Apache Tomcat/9.0.17]
2019-05-07 15:31:29.379  INFO 148 --- [main] o.a.c.c.C.[Tomcat].[localhost].[/]       : Initializing Spring embedded WebApplicationContext
2019-05-07 15:31:29.379  INFO 148 --- [main] o.s.web.context.ContextLoader            : Root WebApplicationContext: initialization completed in 1800 ms
2019-05-07 15:31:29.463  INFO 148 --- [main] c.c.d.service.DrugTransactionService     : initilizing data store
2019-05-07 15:31:29.902  INFO 148 --- [main] o.s.s.concurrent.ThreadPoolTaskExecutor  : Initializing ExecutorService 'applicationTaskExecutor'
2019-05-07 15:31:30.077  INFO 148 --- [main] d.s.w.p.DocumentationPluginsBootstrapper : Context refreshed
2019-05-07 15:31:30.108  INFO 148 --- [main] d.s.w.p.DocumentationPluginsBootstrapper : Found 1 custom documentation plugin(s)
2019-05-07 15:31:30.121  INFO 148 --- [main] s.d.s.w.s.ApiListingReferenceScanner     : Scanning for api listing references
2019-05-07 15:31:30.409  INFO 148 --- [main] o.s.b.w.embedded.tomcat.TomcatWebServer  : Tomcat started on port(s): 8080 (http) with context path ''
2019-05-07 15:31:30.414  INFO 148 --- [main] c.c.d.DrugtransactionApiApplication      : Started DrugtransactionApiApplication in 3.574 seconds (JVM running for 9.1)
2019-05-07 15:31:50.406  INFO 148 --- [http-nio-8080-exec-1] o.a.c.c.C.[Tomcat].[localhost].[/]       : Initializing Spring DispatcherServlet 'dispatcherServlet'
2019-05-07 15:31:50.407  INFO 148 --- [http-nio-8080-exec-1] o.s.web.servlet.DispatcherServlet        : Initializing Servlet 'dispatcherServlet'
2019-05-07 15:31:50.418  INFO 148 --- [http-nio-8080-exec-1] o.s.web.servlet.DispatcherServlet        : Completed initialization in 10 ms
2019-05-07 15:40:12.262  INFO 11500 --- [main] c.c.d.DrugtransactionApiApplication      : Starting DrugtransactionApiApplication on ALASETTSR01-WXL with PID 11500 (C:\proj\drugtransactionApi\target\classes started by SettSr01 in C:\proj\drugtransactionApi)
2019-05-07 15:40:12.264  INFO 11500 --- [main] c.c.d.DrugtransactionApiApplication      : No active profile set, falling back to default profiles: default
2019-05-07 15:40:13.968  INFO 11500 --- [main] o.s.b.w.embedded.tomcat.TomcatWebServer  : Tomcat initialized with port(s): 8080 (http)
2019-05-07 15:40:14.001  INFO 11500 --- [main] o.apache.catalina.core.StandardService   : Starting service [Tomcat]
2019-05-07 15:40:14.002  INFO 11500 --- [main] org.apache.catalina.core.StandardEngine  : Starting Servlet engine: [Apache Tomcat/9.0.17]
2019-05-07 15:40:14.120  INFO 11500 --- [main] o.a.c.c.C.[Tomcat].[localhost].[/]       : Initializing Spring embedded WebApplicationContext
2019-05-07 15:40:14.120  INFO 11500 --- [main] o.s.web.context.ContextLoader            : Root WebApplicationContext: initialization completed in 1818 ms
2019-05-07 15:40:14.211  INFO 11500 --- [main] c.c.d.service.DrugTransactionService     : initilizing data store
2019-05-07 15:40:14.675  INFO 11500 --- [main] o.s.s.concurrent.ThreadPoolTaskExecutor  : Initializing ExecutorService 'applicationTaskExecutor'
2019-05-07 15:40:14.847  INFO 11500 --- [main] d.s.w.p.DocumentationPluginsBootstrapper : Context refreshed
2019-05-07 15:40:14.874  INFO 11500 --- [main] d.s.w.p.DocumentationPluginsBootstrapper : Found 1 custom documentation plugin(s)
2019-05-07 15:40:14.888  INFO 11500 --- [main] s.d.s.w.s.ApiListingReferenceScanner     : Scanning for api listing references
2019-05-07 15:40:15.173  INFO 11500 --- [main] o.s.b.w.embedded.tomcat.TomcatWebServer  : Tomcat started on port(s): 8080 (http) with context path ''
2019-05-07 15:40:15.178  INFO 11500 --- [main] c.c.d.DrugtransactionApiApplication      : Started DrugtransactionApiApplication in 3.539 seconds (JVM running for 8.813)
2019-05-07 15:40:37.746  INFO 11500 --- [http-nio-8080-exec-1] o.a.c.c.C.[Tomcat].[localhost].[/]       : Initializing Spring DispatcherServlet 'dispatcherServlet'
2019-05-07 15:40:37.748  INFO 11500 --- [http-nio-8080-exec-1] o.s.web.servlet.DispatcherServlet        : Initializing Servlet 'dispatcherServlet'
2019-05-07 15:40:37.759  INFO 11500 --- [http-nio-8080-exec-1] o.s.web.servlet.DispatcherServlet        : Completed initialization in 11 ms
